<?xml version="1.0" encoding="UTF-8"?>
<!-- Generated by org.testng.reporters.JUnitReportReporter -->
<testsuite hostname="Mypc" name="testNG.TestNG_OrgLogin" tests="1" failures="0" timestamp="2 Nov 2016 01:37:35 GMT" time="24.092" errors="0">
  <testcase name="org_Login" time="24.092" classname="testNG.TestNG_OrgLogin"/>
</testsuite> <!-- testNG.TestNG_OrgLogin -->
