<?xml version="1.0" encoding="UTF-8"?>
<!-- Generated by org.testng.reporters.JUnitReportReporter -->
<testsuite hostname="Mypc" name="pom.LoginTC" tests="1" failures="0" timestamp="3 Nov 2016 01:53:11 GMT" time="28.177" errors="0">
  <testcase name="login" time="28.177" classname="pom.LoginTC"/>
</testsuite> <!-- pom.LoginTC -->
