<?xml version="1.0" encoding="UTF-8"?>
<!-- Generated by org.testng.reporters.JUnitReportReporter -->
<testsuite hostname="Mypc" name="testNG.EmpRegTest" tests="1" failures="0" timestamp="3 Nov 2016 01:30:48 GMT" time="6.862" errors="0">
  <testcase name="org_EmpReg" time="6.862" classname="testNG.EmpRegTest"/>
</testsuite> <!-- testNG.EmpRegTest -->
