<?xml version="1.0" encoding="UTF-8"?>
<!-- Generated by org.testng.reporters.JUnitReportReporter -->
<testsuite hostname="Mypc" name="testNG.DataproviderEg" tests="3" failures="0" timestamp="2 Nov 2016 02:02:09 GMT" time="36.622" errors="0">
  <testcase name="CrossBR_Test" time="9.251" classname="testNG.DataproviderEg"/>
  <testcase name="CrossBR_Test" time="8.794" classname="testNG.DataproviderEg"/>
  <testcase name="CrossBR_Test" time="18.577" classname="testNG.DataproviderEg"/>
</testsuite> <!-- testNG.DataproviderEg -->
