<?xml version="1.0" encoding="UTF-8"?>
<!-- Generated by org.testng.reporters.JUnitReportReporter -->
<testsuite hostname="Mypc" name="testNG.testNG_Empreg" tests="1" failures="0" timestamp="2 Nov 2016 01:44:28 GMT" time="11.645" errors="0">
  <testcase name="org_Empreg" time="11.645" classname="testNG.testNG_Empreg"/>
</testsuite> <!-- testNG.testNG_Empreg -->
