<?xml version="1.0" encoding="UTF-8"?>
<!-- Generated by org.testng.reporters.JUnitReportReporter -->
<testsuite hostname="Mypc" name="keyword.KeywordDiverScript" tests="1" failures="0" timestamp="4 Nov 2016 01:44:12 GMT" time="82.786" errors="0">
  <testcase name="driverscript" time="82.786" classname="keyword.KeywordDiverScript"/>
</testsuite> <!-- keyword.KeywordDiverScript -->
