<?xml version="1.0" encoding="UTF-8"?>
<!-- Generated by org.testng.reporters.JUnitReportReporter -->
<testsuite hostname="Mypc" name="keyword.HybridDriverScript" tests="1" failures="0" timestamp="4 Nov 2016 01:57:29 GMT" time="72.450" errors="0">
  <testcase name="driverscript" time="72.450" classname="keyword.HybridDriverScript"/>
</testsuite> <!-- keyword.HybridDriverScript -->
