<?xml version="1.0" encoding="UTF-8"?>
<!-- Generated by org.testng.reporters.JUnitReportReporter -->
<testsuite hostname="Mypc" name="testNG.BasicAnnotations" tests="3" failures="0" timestamp="2 Nov 2016 01:21:12 GMT" time="0.168" errors="0">
  <testcase name="function2" time="0.029" classname="testNG.BasicAnnotations"/>
  <testcase name="a" time="0.015" classname="testNG.BasicAnnotations"/>
  <testcase name="function1" time="0.124" classname="testNG.BasicAnnotations"/>
</testsuite> <!-- testNG.BasicAnnotations -->
