<?xml version="1.0" encoding="UTF-8"?>
<!-- Generated by org.testng.reporters.JUnitReportReporter -->
<testsuite hostname="Mypc" name="testNG.UserRegTest" tests="1" failures="0" timestamp="3 Nov 2016 01:30:48 GMT" time="8.556" errors="0">
  <testcase name="userreg" time="8.556" classname="testNG.UserRegTest"/>
</testsuite> <!-- testNG.UserRegTest -->
