<?xml version="1.0" encoding="UTF-8"?>
<!-- Generated by org.testng.reporters.JUnitReportReporter -->
<testsuite hostname="Mypc" name="grid.GridEg" tests="2" failures="0" timestamp="7 Nov 2016 01:48:34 GMT" time="60.214" errors="0">
  <testcase name="grid" time="41.096" classname="grid.GridEg"/>
  <testcase name="grid" time="19.118" classname="grid.GridEg"/>
</testsuite> <!-- grid.GridEg -->
